21/07/2012 22:19:47 epoch=1342934387 :  : nfs-ganesha-3816[main] :SetComponentLogFile :LOG: Changing log destination for COMPONENT_LOG from t.log to t.log
21/07/2012 22:19:47 epoch=1342934387 :  : nfs-ganesha-3816[main] :SetDefaultLogging :LOG: Setting log destination for ALL components to t.log
21/07/2012 22:19:47 epoch=1342934387 :  : nfs-ganesha-3816[main] :SetComponentLogFile :LOG: Changing log destination for COMPONENT_ALL from  to t.log
21/07/2012 22:19:47 epoch=1342934387 :  : nfs-ganesha-3816[main] :SetComponentLogFile :LOG: Changing log destination for COMPONENT_LOG_EMERG from SYSLOG to t.log
21/07/2012 22:19:47 epoch=1342934387 :  : nfs-ganesha-3816[main] :SetComponentLogFile :LOG: Changing log destination for COMPONENT_MEMALLOC from SYSLOG to t.log
21/07/2012 22:19:47 epoch=1342934387 :  : nfs-ganesha-3816[main] :SetComponentLogFile :LOG: Changing log destination for COMPONENT_MEMLEAKS from SYSLOG to t.log
21/07/2012 22:19:47 epoch=1342934387 :  : nfs-ganesha-3816[main] :SetComponentLogFile :LOG: Changing log destination for COMPONENT_FSAL from SYSLOG to t.log
21/07/2012 22:19:47 epoch=1342934387 :  : nfs-ganesha-3816[main] :SetComponentLogFile :LOG: Changing log destination for COMPONENT_NFSPROTO from SYSLOG to t.log
21/07/2012 22:19:47 epoch=1342934387 :  : nfs-ganesha-3816[main] :SetComponentLogFile :LOG: Changing log destination for COMPONENT_NFS_V4 from SYSLOG to t.log
21/07/2012 22:19:47 epoch=1342934387 :  : nfs-ganesha-3816[main] :SetComponentLogFile :LOG: Changing log destination for COMPONENT_NFS_V4_PSEUDO from SYSLOG to t.log
21/07/2012 22:19:47 epoch=1342934387 :  : nfs-ganesha-3816[main] :SetComponentLogFile :LOG: Changing log destination for COMPONENT_FILEHANDLE from SYSLOG to t.log
21/07/2012 22:19:47 epoch=1342934387 :  : nfs-ganesha-3816[main] :SetComponentLogFile :LOG: Changing log destination for COMPONENT_NFS_SHELL from SYSLOG to t.log
21/07/2012 22:19:47 epoch=1342934387 :  : nfs-ganesha-3816[main] :SetComponentLogFile :LOG: Changing log destination for COMPONENT_DISPATCH from SYSLOG to t.log
21/07/2012 22:19:47 epoch=1342934387 :  : nfs-ganesha-3816[main] :SetComponentLogFile :LOG: Changing log destination for COMPONENT_CACHE_CONTENT from SYSLOG to t.log
21/07/2012 22:19:47 epoch=1342934387 :  : nfs-ganesha-3816[main] :SetComponentLogFile :LOG: Changing log destination for COMPONENT_CACHE_INODE from SYSLOG to t.log
21/07/2012 22:19:47 epoch=1342934387 :  : nfs-ganesha-3816[main] :SetComponentLogFile :LOG: Changing log destination for COMPONENT_CACHE_INODE_GC from SYSLOG to t.log
21/07/2012 22:19:47 epoch=1342934387 :  : nfs-ganesha-3816[main] :SetComponentLogFile :LOG: Changing log destination for COMPONENT_HASHTABLE from SYSLOG to t.log
21/07/2012 22:19:47 epoch=1342934387 :  : nfs-ganesha-3816[main] :SetComponentLogFile :LOG: Changing log destination for COMPONENT_LRU from SYSLOG to t.log
21/07/2012 22:19:47 epoch=1342934387 :  : nfs-ganesha-3816[main] :SetComponentLogFile :LOG: Changing log destination for COMPONENT_DUPREQ from SYSLOG to t.log
21/07/2012 22:19:47 epoch=1342934387 :  : nfs-ganesha-3816[main] :SetComponentLogFile :LOG: Changing log destination for COMPONENT_RPCSEC_GSS from SYSLOG to t.log
21/07/2012 22:19:47 epoch=1342934387 :  : nfs-ganesha-3816[main] :SetComponentLogFile :LOG: Changing log destination for COMPONENT_INIT from SYSLOG to t.log
21/07/2012 22:19:47 epoch=1342934387 :  : nfs-ganesha-3816[main] :SetComponentLogFile :LOG: Changing log destination for COMPONENT_MAIN from SYSLOG to t.log
21/07/2012 22:19:47 epoch=1342934387 :  : nfs-ganesha-3816[main] :SetComponentLogFile :LOG: Changing log destination for COMPONENT_IDMAPPER from SYSLOG to t.log
21/07/2012 22:19:47 epoch=1342934387 :  : nfs-ganesha-3816[main] :SetComponentLogFile :LOG: Changing log destination for COMPONENT_NFS_READDIR from SYSLOG to t.log
21/07/2012 22:19:47 epoch=1342934387 :  : nfs-ganesha-3816[main] :SetComponentLogFile :LOG: Changing log destination for COMPONENT_NFS_V4_LOCK from SYSLOG to t.log
21/07/2012 22:19:47 epoch=1342934387 :  : nfs-ganesha-3816[main] :SetComponentLogFile :LOG: Changing log destination for COMPONENT_NFS_V4_XATTR from SYSLOG to t.log
21/07/2012 22:19:47 epoch=1342934387 :  : nfs-ganesha-3816[main] :SetComponentLogFile :LOG: Changing log destination for COMPONENT_NFS_V4_REFERRAL from SYSLOG to t.log
21/07/2012 22:19:47 epoch=1342934387 :  : nfs-ganesha-3816[main] :SetComponentLogFile :LOG: Changing log destination for COMPONENT_MEMCORRUPT from SYSLOG to t.log
21/07/2012 22:19:47 epoch=1342934387 :  : nfs-ganesha-3816[main] :SetComponentLogFile :LOG: Changing log destination for COMPONENT_CONFIG from SYSLOG to t.log
21/07/2012 22:19:47 epoch=1342934387 :  : nfs-ganesha-3816[main] :SetComponentLogFile :LOG: Changing log destination for COMPONENT_CLIENT_ID_COMPUTE from SYSLOG to t.log
21/07/2012 22:19:47 epoch=1342934387 :  : nfs-ganesha-3816[main] :SetComponentLogFile :LOG: Changing log destination for COMPONENT_SESSIONS from SYSLOG to t.log
21/07/2012 22:19:47 epoch=1342934387 :  : nfs-ganesha-3816[main] :SetComponentLogFile :LOG: Changing log destination for COMPONENT_PNFS from SYSLOG to t.log
21/07/2012 22:19:47 epoch=1342934387 :  : nfs-ganesha-3816[main] :SetComponentLogFile :LOG: Changing log destination for COMPONENT_RPC_CACHE from SYSLOG to t.log
21/07/2012 22:19:47 epoch=1342934387 :  : nfs-ganesha-3816[main] :SetComponentLogFile :LOG: Changing log destination for COMPONENT_RW_LOCK from SYSLOG to t.log
21/07/2012 22:19:47 epoch=1342934387 :  : nfs-ganesha-3816[main] :SetComponentLogFile :LOG: Changing log destination for COMPONENT_MFSL from SYSLOG to t.log
21/07/2012 22:19:47 epoch=1342934387 :  : nfs-ganesha-3816[main] :SetComponentLogFile :LOG: Changing log destination for COMPONENT_NLM from SYSLOG to t.log
21/07/2012 22:19:47 epoch=1342934387 :  : nfs-ganesha-3816[main] :SetComponentLogFile :LOG: Changing log destination for COMPONENT_RPC from SYSLOG to t.log
21/07/2012 22:19:47 epoch=1342934387 :  : nfs-ganesha-3816[main] :SetComponentLogFile :LOG: Changing log destination for COMPONENT_THREAD from SYSLOG to t.log
21/07/2012 22:19:47 epoch=1342934387 :  : nfs-ganesha-3816[main] :SetComponentLogFile :LOG: Changing log destination for COMPONENT_NFS_V4_ACL from SYSLOG to t.log
21/07/2012 22:19:47 epoch=1342934387 :  : nfs-ganesha-3816[main] :SetComponentLogFile :LOG: Changing log destination for COMPONENT_STATE from SYSLOG to t.log
21/07/2012 22:19:47 epoch=1342934387 :  : nfs-ganesha-3816[main] :SetComponentLogFile :LOG: Changing log destination for COMPONENT_9P from SYSLOG to t.log
21/07/2012 22:19:47 epoch=1342934387 :  : nfs-ganesha-3816[main] :SetComponentLogFile :LOG: Changing log destination for COMPONENT_9P_DISPATCH from SYSLOG to t.log
21/07/2012 22:19:47 epoch=1342934387 :  : nfs-ganesha-3816[main] :SetComponentLogFile :LOG: Changing log destination for COMPONENT_FSAL_UP from SYSLOG to t.log
21/07/2012 22:19:47 epoch=1342934387 :  : nfs-ganesha-3816[main] :SetComponentLogFile :LOG: Changing log destination for LOG_MESSAGE_VERBOSITY from SYSLOG to t.log
21/07/2012 22:19:47 epoch=1342934387 :  : nfs-ganesha-3816[main] :main :MAIN: EVENT: >>>>>>>>>>--------------------------------------- <<<<<<<<<<
21/07/2012 22:19:47 epoch=1342934387 :  : nfs-ganesha-3816[main] :main :MAIN: EVENT: >>>>>>>>>> Starting GANESHA NFS Daemon on FSAL/NFSv4 PROXY <<<<<<<<<<
21/07/2012 22:19:47 epoch=1342934387 :  : nfs-ganesha-3816[main] :main :MAIN: EVENT: >>>>>>>>>>--------------------------------------- <<<<<<<<<<
21/07/2012 22:19:47 epoch=1342934387 :  : nfs-ganesha-3816[main] :SetComponentLogFile :LOG: Changing log destination for COMPONENT_MEMALLOC from t.log to /tmp/hpss.ganesha.buddy.log
21/07/2012 22:19:47 epoch=1342934387 :  : nfs-ganesha-3816[main] :SetComponentLogFile :LOG: Changing log destination for COMPONENT_MEMLEAKS from t.log to /tmp/hpss.ganesha.buddy.log
21/07/2012 22:19:47 epoch=1342934387 :  : nfs-ganesha-3816[main] :SetComponentLogFile :LOG: Changing log destination for COMPONENT_FSAL from t.log to /dev/tty
21/07/2012 22:19:47 epoch=1342934387 :  : nfs-ganesha-3816[main] :SetComponentLogLevel :LOG: Changing log level of COMPONENT_FSAL from NIV_EVENT to NIV_FULL_DEBUG
21/07/2012 22:19:47 epoch=1342934387 :  : nfs-ganesha-3816[main] :SetComponentLogFile :LOG: Changing log destination for COMPONENT_CACHE_INODE from t.log to /dev/tty
21/07/2012 22:19:47 epoch=1342934387 :  : nfs-ganesha-3816[main] :cache_content_read_conf_client_parameter :NFS STARTUP: EVENT: Setting log file of emergency cache flush thread to /dev/tty
21/07/2012 22:19:47 epoch=1342934387 :  : nfs-ganesha-3816[main] :SetComponentLogFile :LOG: Changing log destination for COMPONENT_CACHE_CONTENT from t.log to /dev/tty
21/07/2012 22:19:47 epoch=1342934387 :  : nfs-ganesha-3816[main] :BuildExportEntry :CONFIG: EVENT: NFS READ_EXPORT: Export 1 (/root/) successfully parsed
21/07/2012 22:19:47 epoch=1342934387 :  : nfs-ganesha-3816[main] :BuildExportEntry :CONFIG: EVENT: NFS READ_EXPORT: Export 5 (/) successfully parsed
21/07/2012 22:19:47 epoch=1342934387 :  : nfs-ganesha-3816[main] :nfs_set_param_from_conf :NFS STARTUP: EVENT: Configuration file successfully parsed
21/07/2012 22:19:47 epoch=1342934387 :  : nfs-ganesha-3816[main] :Register_program :DISPATCH: FATAL ERROR: Cannot register NFS V4 on UDP
21/07/2012 23:41:16 epoch=1342939276 :  : nfs-ganesha-24310[main] :SetComponentLogFile :LOG: Changing log destination for COMPONENT_LOG from t.log to t.log
21/07/2012 23:41:16 epoch=1342939276 :  : nfs-ganesha-24310[main] :SetDefaultLogging :LOG: Setting log destination for ALL components to t.log
21/07/2012 23:41:16 epoch=1342939276 :  : nfs-ganesha-24310[main] :SetComponentLogFile :LOG: Changing log destination for COMPONENT_ALL from  to t.log
21/07/2012 23:41:16 epoch=1342939276 :  : nfs-ganesha-24310[main] :SetComponentLogFile :LOG: Changing log destination for COMPONENT_LOG_EMERG from SYSLOG to t.log
21/07/2012 23:41:16 epoch=1342939276 :  : nfs-ganesha-24310[main] :SetComponentLogFile :LOG: Changing log destination for COMPONENT_MEMALLOC from SYSLOG to t.log
21/07/2012 23:41:16 epoch=1342939276 :  : nfs-ganesha-24310[main] :SetComponentLogFile :LOG: Changing log destination for COMPONENT_MEMLEAKS from SYSLOG to t.log
21/07/2012 23:41:16 epoch=1342939276 :  : nfs-ganesha-24310[main] :SetComponentLogFile :LOG: Changing log destination for COMPONENT_FSAL from SYSLOG to t.log
21/07/2012 23:41:16 epoch=1342939276 :  : nfs-ganesha-24310[main] :SetComponentLogFile :LOG: Changing log destination for COMPONENT_NFSPROTO from SYSLOG to t.log
21/07/2012 23:41:16 epoch=1342939276 :  : nfs-ganesha-24310[main] :SetComponentLogFile :LOG: Changing log destination for COMPONENT_NFS_V4 from SYSLOG to t.log
21/07/2012 23:41:16 epoch=1342939276 :  : nfs-ganesha-24310[main] :SetComponentLogFile :LOG: Changing log destination for COMPONENT_NFS_V4_PSEUDO from SYSLOG to t.log
21/07/2012 23:41:16 epoch=1342939276 :  : nfs-ganesha-24310[main] :SetComponentLogFile :LOG: Changing log destination for COMPONENT_FILEHANDLE from SYSLOG to t.log
21/07/2012 23:41:16 epoch=1342939276 :  : nfs-ganesha-24310[main] :SetComponentLogFile :LOG: Changing log destination for COMPONENT_NFS_SHELL from SYSLOG to t.log
21/07/2012 23:41:16 epoch=1342939276 :  : nfs-ganesha-24310[main] :SetComponentLogFile :LOG: Changing log destination for COMPONENT_DISPATCH from SYSLOG to t.log
21/07/2012 23:41:16 epoch=1342939276 :  : nfs-ganesha-24310[main] :SetComponentLogFile :LOG: Changing log destination for COMPONENT_CACHE_CONTENT from SYSLOG to t.log
21/07/2012 23:41:16 epoch=1342939276 :  : nfs-ganesha-24310[main] :SetComponentLogFile :LOG: Changing log destination for COMPONENT_CACHE_INODE from SYSLOG to t.log
21/07/2012 23:41:16 epoch=1342939276 :  : nfs-ganesha-24310[main] :SetComponentLogFile :LOG: Changing log destination for COMPONENT_CACHE_INODE_GC from SYSLOG to t.log
21/07/2012 23:41:16 epoch=1342939276 :  : nfs-ganesha-24310[main] :SetComponentLogFile :LOG: Changing log destination for COMPONENT_HASHTABLE from SYSLOG to t.log
21/07/2012 23:41:16 epoch=1342939276 :  : nfs-ganesha-24310[main] :SetComponentLogFile :LOG: Changing log destination for COMPONENT_LRU from SYSLOG to t.log
21/07/2012 23:41:16 epoch=1342939276 :  : nfs-ganesha-24310[main] :SetComponentLogFile :LOG: Changing log destination for COMPONENT_DUPREQ from SYSLOG to t.log
21/07/2012 23:41:16 epoch=1342939276 :  : nfs-ganesha-24310[main] :SetComponentLogFile :LOG: Changing log destination for COMPONENT_RPCSEC_GSS from SYSLOG to t.log
21/07/2012 23:41:16 epoch=1342939276 :  : nfs-ganesha-24310[main] :SetComponentLogFile :LOG: Changing log destination for COMPONENT_INIT from SYSLOG to t.log
21/07/2012 23:41:16 epoch=1342939276 :  : nfs-ganesha-24310[main] :SetComponentLogFile :LOG: Changing log destination for COMPONENT_MAIN from SYSLOG to t.log
21/07/2012 23:41:16 epoch=1342939276 :  : nfs-ganesha-24310[main] :SetComponentLogFile :LOG: Changing log destination for COMPONENT_IDMAPPER from SYSLOG to t.log
21/07/2012 23:41:16 epoch=1342939276 :  : nfs-ganesha-24310[main] :SetComponentLogFile :LOG: Changing log destination for COMPONENT_NFS_READDIR from SYSLOG to t.log
21/07/2012 23:41:16 epoch=1342939276 :  : nfs-ganesha-24310[main] :SetComponentLogFile :LOG: Changing log destination for COMPONENT_NFS_V4_LOCK from SYSLOG to t.log
21/07/2012 23:41:16 epoch=1342939276 :  : nfs-ganesha-24310[main] :SetComponentLogFile :LOG: Changing log destination for COMPONENT_NFS_V4_XATTR from SYSLOG to t.log
21/07/2012 23:41:16 epoch=1342939276 :  : nfs-ganesha-24310[main] :SetComponentLogFile :LOG: Changing log destination for COMPONENT_NFS_V4_REFERRAL from SYSLOG to t.log
21/07/2012 23:41:16 epoch=1342939276 :  : nfs-ganesha-24310[main] :SetComponentLogFile :LOG: Changing log destination for COMPONENT_MEMCORRUPT from SYSLOG to t.log
21/07/2012 23:41:16 epoch=1342939276 :  : nfs-ganesha-24310[main] :SetComponentLogFile :LOG: Changing log destination for COMPONENT_CONFIG from SYSLOG to t.log
21/07/2012 23:41:16 epoch=1342939276 :  : nfs-ganesha-24310[main] :SetComponentLogFile :LOG: Changing log destination for COMPONENT_CLIENT_ID_COMPUTE from SYSLOG to t.log
21/07/2012 23:41:16 epoch=1342939276 :  : nfs-ganesha-24310[main] :SetComponentLogFile :LOG: Changing log destination for COMPONENT_SESSIONS from SYSLOG to t.log
21/07/2012 23:41:16 epoch=1342939276 :  : nfs-ganesha-24310[main] :SetComponentLogFile :LOG: Changing log destination for COMPONENT_PNFS from SYSLOG to t.log
21/07/2012 23:41:16 epoch=1342939276 :  : nfs-ganesha-24310[main] :SetComponentLogFile :LOG: Changing log destination for COMPONENT_RPC_CACHE from SYSLOG to t.log
21/07/2012 23:41:16 epoch=1342939276 :  : nfs-ganesha-24310[main] :SetComponentLogFile :LOG: Changing log destination for COMPONENT_RW_LOCK from SYSLOG to t.log
21/07/2012 23:41:16 epoch=1342939276 :  : nfs-ganesha-24310[main] :SetComponentLogFile :LOG: Changing log destination for COMPONENT_MFSL from SYSLOG to t.log
21/07/2012 23:41:16 epoch=1342939276 :  : nfs-ganesha-24310[main] :SetComponentLogFile :LOG: Changing log destination for COMPONENT_NLM from SYSLOG to t.log
21/07/2012 23:41:16 epoch=1342939276 :  : nfs-ganesha-24310[main] :SetComponentLogFile :LOG: Changing log destination for COMPONENT_RPC from SYSLOG to t.log
21/07/2012 23:41:16 epoch=1342939276 :  : nfs-ganesha-24310[main] :SetComponentLogFile :LOG: Changing log destination for COMPONENT_THREAD from SYSLOG to t.log
21/07/2012 23:41:16 epoch=1342939276 :  : nfs-ganesha-24310[main] :SetComponentLogFile :LOG: Changing log destination for COMPONENT_NFS_V4_ACL from SYSLOG to t.log
21/07/2012 23:41:16 epoch=1342939276 :  : nfs-ganesha-24310[main] :SetComponentLogFile :LOG: Changing log destination for COMPONENT_STATE from SYSLOG to t.log
21/07/2012 23:41:16 epoch=1342939276 :  : nfs-ganesha-24310[main] :SetComponentLogFile :LOG: Changing log destination for COMPONENT_9P from SYSLOG to t.log
21/07/2012 23:41:16 epoch=1342939276 :  : nfs-ganesha-24310[main] :SetComponentLogFile :LOG: Changing log destination for COMPONENT_9P_DISPATCH from SYSLOG to t.log
21/07/2012 23:41:16 epoch=1342939276 :  : nfs-ganesha-24310[main] :SetComponentLogFile :LOG: Changing log destination for COMPONENT_FSAL_UP from SYSLOG to t.log
21/07/2012 23:41:16 epoch=1342939276 :  : nfs-ganesha-24310[main] :SetComponentLogFile :LOG: Changing log destination for LOG_MESSAGE_VERBOSITY from SYSLOG to t.log
21/07/2012 23:41:16 epoch=1342939276 :  : nfs-ganesha-24310[main] :main :MAIN: EVENT: >>>>>>>>>>--------------------------------------- <<<<<<<<<<
21/07/2012 23:41:16 epoch=1342939276 :  : nfs-ganesha-24310[main] :main :MAIN: EVENT: >>>>>>>>>> Starting GANESHA NFS Daemon on FSAL/NFSv4 PROXY <<<<<<<<<<
21/07/2012 23:41:16 epoch=1342939276 :  : nfs-ganesha-24310[main] :main :MAIN: EVENT: >>>>>>>>>>--------------------------------------- <<<<<<<<<<
21/07/2012 23:41:16 epoch=1342939276 :  : nfs-ganesha-24310[main] :SetComponentLogFile :LOG: Changing log destination for COMPONENT_MEMALLOC from t.log to /tmp/hpss.ganesha.buddy.log
21/07/2012 23:41:16 epoch=1342939276 :  : nfs-ganesha-24310[main] :SetComponentLogFile :LOG: Changing log destination for COMPONENT_MEMLEAKS from t.log to /tmp/hpss.ganesha.buddy.log
21/07/2012 23:41:16 epoch=1342939276 :  : nfs-ganesha-24310[main] :SetComponentLogFile :LOG: Changing log destination for COMPONENT_FSAL from t.log to /dev/tty
21/07/2012 23:41:16 epoch=1342939276 :  : nfs-ganesha-24310[main] :PROXYFSAL_load_FS_specific_parameter_from_conf :CONFIG: CRITICAL ERROR: FSAL LOAD PARAMETER: ERROR: Unexpected value for Srv_Addr
21/07/2012 23:41:16 epoch=1342939276 :  : nfs-ganesha-24310[main] :nfs_set_param_from_conf :NFS STARTUP: CRITICAL ERROR: Error while parsing FS specific configuration
21/07/2012 23:41:16 epoch=1342939276 :  : nfs-ganesha-24310[main] :nfs_set_param_from_conf :NFS STARTUP: Error ERR_FSAL_INVAL : Invalid object type : status 0 : Line 940
21/07/2012 23:41:16 epoch=1342939276 :  : nfs-ganesha-24310[main] :main :NFS STARTUP: FATAL ERROR: Error parsing configuration file.
21/07/2012 23:56:54 epoch=1342940214 :  : nfs-ganesha-24361[main] :SetComponentLogFile :LOG: Changing log destination for COMPONENT_LOG from t.log to t.log
21/07/2012 23:56:54 epoch=1342940214 :  : nfs-ganesha-24361[main] :SetDefaultLogging :LOG: Setting log destination for ALL components to t.log
21/07/2012 23:56:54 epoch=1342940214 :  : nfs-ganesha-24361[main] :SetComponentLogFile :LOG: Changing log destination for COMPONENT_ALL from  to t.log
21/07/2012 23:56:54 epoch=1342940214 :  : nfs-ganesha-24361[main] :SetComponentLogFile :LOG: Changing log destination for COMPONENT_LOG_EMERG from SYSLOG to t.log
21/07/2012 23:56:54 epoch=1342940214 :  : nfs-ganesha-24361[main] :SetComponentLogFile :LOG: Changing log destination for COMPONENT_MEMALLOC from SYSLOG to t.log
21/07/2012 23:56:54 epoch=1342940214 :  : nfs-ganesha-24361[main] :SetComponentLogFile :LOG: Changing log destination for COMPONENT_MEMLEAKS from SYSLOG to t.log
21/07/2012 23:56:54 epoch=1342940214 :  : nfs-ganesha-24361[main] :SetComponentLogFile :LOG: Changing log destination for COMPONENT_FSAL from SYSLOG to t.log
21/07/2012 23:56:54 epoch=1342940214 :  : nfs-ganesha-24361[main] :SetComponentLogFile :LOG: Changing log destination for COMPONENT_NFSPROTO from SYSLOG to t.log
21/07/2012 23:56:54 epoch=1342940214 :  : nfs-ganesha-24361[main] :SetComponentLogFile :LOG: Changing log destination for COMPONENT_NFS_V4 from SYSLOG to t.log
21/07/2012 23:56:54 epoch=1342940214 :  : nfs-ganesha-24361[main] :SetComponentLogFile :LOG: Changing log destination for COMPONENT_NFS_V4_PSEUDO from SYSLOG to t.log
21/07/2012 23:56:54 epoch=1342940214 :  : nfs-ganesha-24361[main] :SetComponentLogFile :LOG: Changing log destination for COMPONENT_FILEHANDLE from SYSLOG to t.log
21/07/2012 23:56:54 epoch=1342940214 :  : nfs-ganesha-24361[main] :SetComponentLogFile :LOG: Changing log destination for COMPONENT_NFS_SHELL from SYSLOG to t.log
21/07/2012 23:56:54 epoch=1342940214 :  : nfs-ganesha-24361[main] :SetComponentLogFile :LOG: Changing log destination for COMPONENT_DISPATCH from SYSLOG to t.log
21/07/2012 23:56:54 epoch=1342940214 :  : nfs-ganesha-24361[main] :SetComponentLogFile :LOG: Changing log destination for COMPONENT_CACHE_CONTENT from SYSLOG to t.log
21/07/2012 23:56:54 epoch=1342940214 :  : nfs-ganesha-24361[main] :SetComponentLogFile :LOG: Changing log destination for COMPONENT_CACHE_INODE from SYSLOG to t.log
21/07/2012 23:56:54 epoch=1342940214 :  : nfs-ganesha-24361[main] :SetComponentLogFile :LOG: Changing log destination for COMPONENT_CACHE_INODE_GC from SYSLOG to t.log
21/07/2012 23:56:54 epoch=1342940214 :  : nfs-ganesha-24361[main] :SetComponentLogFile :LOG: Changing log destination for COMPONENT_HASHTABLE from SYSLOG to t.log
21/07/2012 23:56:54 epoch=1342940214 :  : nfs-ganesha-24361[main] :SetComponentLogFile :LOG: Changing log destination for COMPONENT_LRU from SYSLOG to t.log
21/07/2012 23:56:54 epoch=1342940214 :  : nfs-ganesha-24361[main] :SetComponentLogFile :LOG: Changing log destination for COMPONENT_DUPREQ from SYSLOG to t.log
21/07/2012 23:56:54 epoch=1342940214 :  : nfs-ganesha-24361[main] :SetComponentLogFile :LOG: Changing log destination for COMPONENT_RPCSEC_GSS from SYSLOG to t.log
21/07/2012 23:56:54 epoch=1342940214 :  : nfs-ganesha-24361[main] :SetComponentLogFile :LOG: Changing log destination for COMPONENT_INIT from SYSLOG to t.log
21/07/2012 23:56:54 epoch=1342940214 :  : nfs-ganesha-24361[main] :SetComponentLogFile :LOG: Changing log destination for COMPONENT_MAIN from SYSLOG to t.log
21/07/2012 23:56:54 epoch=1342940214 :  : nfs-ganesha-24361[main] :SetComponentLogFile :LOG: Changing log destination for COMPONENT_IDMAPPER from SYSLOG to t.log
21/07/2012 23:56:54 epoch=1342940214 :  : nfs-ganesha-24361[main] :SetComponentLogFile :LOG: Changing log destination for COMPONENT_NFS_READDIR from SYSLOG to t.log
21/07/2012 23:56:54 epoch=1342940214 :  : nfs-ganesha-24361[main] :SetComponentLogFile :LOG: Changing log destination for COMPONENT_NFS_V4_LOCK from SYSLOG to t.log
21/07/2012 23:56:54 epoch=1342940214 :  : nfs-ganesha-24361[main] :SetComponentLogFile :LOG: Changing log destination for COMPONENT_NFS_V4_XATTR from SYSLOG to t.log
21/07/2012 23:56:54 epoch=1342940214 :  : nfs-ganesha-24361[main] :SetComponentLogFile :LOG: Changing log destination for COMPONENT_NFS_V4_REFERRAL from SYSLOG to t.log
21/07/2012 23:56:54 epoch=1342940214 :  : nfs-ganesha-24361[main] :SetComponentLogFile :LOG: Changing log destination for COMPONENT_MEMCORRUPT from SYSLOG to t.log
21/07/2012 23:56:54 epoch=1342940214 :  : nfs-ganesha-24361[main] :SetComponentLogFile :LOG: Changing log destination for COMPONENT_CONFIG from SYSLOG to t.log
21/07/2012 23:56:54 epoch=1342940214 :  : nfs-ganesha-24361[main] :SetComponentLogFile :LOG: Changing log destination for COMPONENT_CLIENT_ID_COMPUTE from SYSLOG to t.log
21/07/2012 23:56:54 epoch=1342940214 :  : nfs-ganesha-24361[main] :SetComponentLogFile :LOG: Changing log destination for COMPONENT_SESSIONS from SYSLOG to t.log
21/07/2012 23:56:54 epoch=1342940214 :  : nfs-ganesha-24361[main] :SetComponentLogFile :LOG: Changing log destination for COMPONENT_PNFS from SYSLOG to t.log
21/07/2012 23:56:54 epoch=1342940214 :  : nfs-ganesha-24361[main] :SetComponentLogFile :LOG: Changing log destination for COMPONENT_RPC_CACHE from SYSLOG to t.log
21/07/2012 23:56:54 epoch=1342940214 :  : nfs-ganesha-24361[main] :SetComponentLogFile :LOG: Changing log destination for COMPONENT_RW_LOCK from SYSLOG to t.log
21/07/2012 23:56:54 epoch=1342940214 :  : nfs-ganesha-24361[main] :SetComponentLogFile :LOG: Changing log destination for COMPONENT_MFSL from SYSLOG to t.log
21/07/2012 23:56:54 epoch=1342940214 :  : nfs-ganesha-24361[main] :SetComponentLogFile :LOG: Changing log destination for COMPONENT_NLM from SYSLOG to t.log
21/07/2012 23:56:54 epoch=1342940214 :  : nfs-ganesha-24361[main] :SetComponentLogFile :LOG: Changing log destination for COMPONENT_RPC from SYSLOG to t.log
21/07/2012 23:56:54 epoch=1342940214 :  : nfs-ganesha-24361[main] :SetComponentLogFile :LOG: Changing log destination for COMPONENT_THREAD from SYSLOG to t.log
21/07/2012 23:56:54 epoch=1342940214 :  : nfs-ganesha-24361[main] :SetComponentLogFile :LOG: Changing log destination for COMPONENT_NFS_V4_ACL from SYSLOG to t.log
21/07/2012 23:56:54 epoch=1342940214 :  : nfs-ganesha-24361[main] :SetComponentLogFile :LOG: Changing log destination for COMPONENT_STATE from SYSLOG to t.log
21/07/2012 23:56:54 epoch=1342940214 :  : nfs-ganesha-24361[main] :SetComponentLogFile :LOG: Changing log destination for COMPONENT_9P from SYSLOG to t.log
21/07/2012 23:56:54 epoch=1342940214 :  : nfs-ganesha-24361[main] :SetComponentLogFile :LOG: Changing log destination for COMPONENT_9P_DISPATCH from SYSLOG to t.log
21/07/2012 23:56:54 epoch=1342940214 :  : nfs-ganesha-24361[main] :SetComponentLogFile :LOG: Changing log destination for COMPONENT_FSAL_UP from SYSLOG to t.log
21/07/2012 23:56:54 epoch=1342940214 :  : nfs-ganesha-24361[main] :SetComponentLogFile :LOG: Changing log destination for LOG_MESSAGE_VERBOSITY from SYSLOG to t.log
21/07/2012 23:56:54 epoch=1342940214 :  : nfs-ganesha-24361[main] :main :MAIN: EVENT: >>>>>>>>>>--------------------------------------- <<<<<<<<<<
21/07/2012 23:56:54 epoch=1342940214 :  : nfs-ganesha-24361[main] :main :MAIN: EVENT: >>>>>>>>>> Starting GANESHA NFS Daemon on FSAL/NFSv4 PROXY <<<<<<<<<<
21/07/2012 23:56:54 epoch=1342940214 :  : nfs-ganesha-24361[main] :main :MAIN: EVENT: >>>>>>>>>>--------------------------------------- <<<<<<<<<<
21/07/2012 23:56:54 epoch=1342940214 :  : nfs-ganesha-24361[main] :SetComponentLogFile :LOG: Changing log destination for COMPONENT_MEMALLOC from t.log to /tmp/hpss.ganesha.buddy.log
21/07/2012 23:56:54 epoch=1342940214 :  : nfs-ganesha-24361[main] :SetComponentLogFile :LOG: Changing log destination for COMPONENT_MEMLEAKS from t.log to /tmp/hpss.ganesha.buddy.log
21/07/2012 23:56:54 epoch=1342940214 :  : nfs-ganesha-24361[main] :SetComponentLogFile :LOG: Changing log destination for COMPONENT_FSAL from t.log to /dev/tty
21/07/2012 23:56:54 epoch=1342940214 :  : nfs-ganesha-24361[main] :SetComponentLogLevel :LOG: Changing log level of COMPONENT_FSAL from NIV_EVENT to NIV_FULL_DEBUG
21/07/2012 23:56:54 epoch=1342940214 :  : nfs-ganesha-24361[main] :SetComponentLogFile :LOG: Changing log destination for COMPONENT_CACHE_INODE from t.log to /dev/tty
21/07/2012 23:56:54 epoch=1342940214 :  : nfs-ganesha-24361[main] :SetComponentLogLevel :LOG: Changing log level of COMPONENT_CACHE_INODE from NIV_EVENT to NIV_FULL_DEBUG
21/07/2012 23:56:54 epoch=1342940214 :  : nfs-ganesha-24361[main] :cache_content_read_conf_client_parameter :NFS STARTUP: EVENT: Setting log file of emergency cache flush thread to /dev/tty
21/07/2012 23:56:54 epoch=1342940214 :  : nfs-ganesha-24361[main] :SetComponentLogFile :LOG: Changing log destination for COMPONENT_CACHE_CONTENT from t.log to /dev/tty
21/07/2012 23:56:54 epoch=1342940214 :  : nfs-ganesha-24361[main] :SetComponentLogLevel :LOG: Changing log level of COMPONENT_CACHE_CONTENT from NIV_EVENT to NIV_FULL_DEBUG
21/07/2012 23:56:54 epoch=1342940214 :  : nfs-ganesha-24361[main] :BuildExportEntry :CONFIG: EVENT: NFS READ_EXPORT: Export 1 (/root/) successfully parsed
21/07/2012 23:56:54 epoch=1342940214 :  : nfs-ganesha-24361[main] :BuildExportEntry :CONFIG: EVENT: NFS READ_EXPORT: Export 5 (/) successfully parsed
21/07/2012 23:56:54 epoch=1342940214 :  : nfs-ganesha-24361[main] :nfs_set_param_from_conf :NFS STARTUP: EVENT: Configuration file successfully parsed
21/07/2012 23:56:54 epoch=1342940214 :  : nfs-ganesha-24361[main] :Register_program :DISPATCH: FATAL ERROR: Cannot register NFS V2 on UDP
